Mon Dec 16 22:58:05 EST 2024
worker5200
The following modules were not unloaded:
  (Use "module --force purge" to unload all):

  1) modules/2.3-20240529   2) openblas/single-0.3.26


Setup complete, entering main loop...

cycle=0 time=0.0000000000000000e+00 dt=3.9508511498367741e-04
Iteration stops at niter: 251 relative error: 9.6494766794793583e-07
Iteration stops at niter: 298 relative error: 9.8474846076834793e-07
cycle=1 time=3.9508511498367741e-04 dt=3.9508511498367741e-04
Iteration stops at niter: 212 relative error: 9.5461138898660466e-07
Iteration stops at niter: 256 relative error: 9.8688850543018849e-07
cycle=2 time=7.9017022996735482e-04 dt=3.9508511498367741e-04
Iteration stops at niter: 181 relative error: 9.9961719798861953e-07
Iteration stops at niter: 222 relative error: 9.8776320805085484e-07
cycle=3 time=1.1852553449510322e-03 dt=3.9508511498367741e-04
Iteration stops at niter: 156 relative error: 9.6845786524036028e-07
Iteration stops at niter: 193 relative error: 9.9524542228044799e-07
cycle=4 time=1.5803404599347096e-03 dt=3.9508511498367741e-04
Iteration stops at niter: 134 relative error: 9.8232108276090042e-07
Iteration stops at niter: 169 relative error: 9.7217472332080132e-07
cycle=5 time=1.9754255749183870e-03 dt=3.9508511498367741e-04
Iteration stops at niter: 116 relative error: 9.5979711882379484e-07
Iteration stops at niter: 148 relative error: 9.8003780007305537e-07
cycle=6 time=2.3705106899020644e-03 dt=3.9508511498367741e-04
Iteration stops at niter: 100 relative error: 9.9991013865124349e-07
Iteration stops at niter: 130 relative error: 9.9907972189109191e-07
cycle=7 time=2.7655958048857419e-03 dt=3.9508511498367741e-04
Iteration stops at niter: 88 relative error: 9.4495136251809873e-07
Iteration stops at niter: 116 relative error: 9.5533898316094711e-07
cycle=8 time=3.1606809198694193e-03 dt=3.9508511498367741e-04
Iteration stops at niter: 77 relative error: 9.6922116325698448e-07
Iteration stops at niter: 103 relative error: 9.7357032960933256e-07
cycle=9 time=3.5557660348530967e-03 dt=3.9508511498367741e-04
Iteration stops at niter: 68 relative error: 9.7943753536562325e-07
Iteration stops at niter: 92 relative error: 9.8623610731980384e-07
cycle=10 time=3.9508511498367741e-03 dt=3.9508511498367741e-04
Iteration stops at niter: 61 relative error: 9.4214108891263980e-07
Iteration stops at niter: 83 relative error: 9.7046750152809881e-07
cycle=11 time=4.3459362648204519e-03 dt=3.9508511498367741e-04
Iteration stops at niter: 55 relative error: 9.1529596714783396e-07
Iteration stops at niter: 75 relative error: 9.6613171939359157e-07
cycle=12 time=4.7410213798041289e-03 dt=3.9508511498367741e-04
Iteration stops at niter: 49 relative error: 9.7666373974317588e-07
Iteration stops at niter: 68 relative error: 9.5944621271505378e-07
cycle=13 time=5.1361064947878059e-03 dt=3.9508511498367741e-04
Iteration stops at niter: 45 relative error: 9.1275473634572305e-07
Iteration stops at niter: 62 relative error: 9.3399924278207227e-07
cycle=14 time=5.5311916097714828e-03 dt=3.9508511498367741e-04
Iteration stops at niter: 41 relative error: 9.0589451965640988e-07
Iteration stops at niter: 56 relative error: 9.4892762794083209e-07
cycle=15 time=5.9262767247551598e-03 dt=3.9508511498367741e-04
Iteration stops at niter: 37 relative error: 9.5062192751952837e-07
Iteration stops at niter: 51 relative error: 9.2495787982588966e-07
cycle=16 time=6.3213618397388368e-03 dt=3.9508511498367741e-04
Iteration stops at niter: 34 relative error: 9.1826631454690805e-07
Iteration stops at niter: 46 relative error: 9.2547539123197052e-07
cycle=17 time=6.7164469547225138e-03 dt=3.9508511498367741e-04
Iteration stops at niter: 31 relative error: 9.1534298980396982e-07
Iteration stops at niter: 41 relative error: 9.4975082470443835e-07
cycle=18 time=7.1115320697061907e-03 dt=3.9508511498367741e-04
Iteration stops at niter: 28 relative error: 9.3710224445145711e-07
Iteration stops at niter: 36 relative error: 9.9835788730284060e-07
cycle=19 time=7.5066171846898677e-03 dt=3.9508511498367741e-04
Iteration stops at niter: 25 relative error: 9.8137543447606986e-07
Iteration stops at niter: 32 relative error: 9.7498481139592040e-07
cycle=20 time=7.9017022996735447e-03 dt=3.9508511498367741e-04
Iteration stops at niter: 23 relative error: 8.9325258964664184e-07
Iteration stops at niter: 28 relative error: 9.6122978506047365e-07
cycle=21 time=8.2967874146572217e-03 dt=3.9508511498367741e-04
Iteration stops at niter: 20 relative error: 9.6328838809156042e-07
Iteration stops at niter: 24 relative error: 9.6920826729262764e-07
cycle=22 time=8.6918725296408986e-03 dt=3.9508511498367741e-04
Iteration stops at niter: 18 relative error: 8.8973935208256682e-07
Iteration stops at niter: 20 relative error: 9.8776221382945609e-07
cycle=23 time=9.0869576446245756e-03 dt=3.9508511498367741e-04
Iteration stops at niter: 15 relative error: 9.8607435098139153e-07
Iteration stops at niter: 17 relative error: 9.3279593605739957e-07
cycle=24 time=9.4820427596082526e-03 dt=3.9508511498367741e-04
Iteration stops at niter: 13 relative error: 9.2682114415246657e-07
Iteration stops at niter: 13 relative error: 9.9792105008295071e-07
cycle=25 time=9.8771278745919296e-03 dt=3.9508511498367741e-04
Iteration stops at niter: 11 relative error: 8.8575704393940610e-07
Iteration stops at niter: 10 relative error: 9.8581021496094484e-07
cycle=26 time=1.0272212989575607e-02 dt=3.9508511498367741e-04
Iteration stops at niter: 9 relative error: 8.6535608929352769e-07
Iteration stops at niter: 8 relative error: 8.9918749251768563e-07
cycle=27 time=1.0667298104559284e-02 dt=3.9508511498367741e-04
Iteration stops at niter: 7 relative error: 8.6644762204638832e-07
Iteration stops at niter: 5 relative error: 9.7872853390511241e-07
cycle=28 time=1.1062383219542960e-02 dt=3.9508511498367741e-04
Iteration stops at niter: 5 relative error: 9.2000843414910996e-07
Iteration stops at niter: 4 relative error: 9.0308742825313401e-07
cycle=29 time=1.1457468334526637e-02 dt=3.9508511498367741e-04
Iteration stops at niter: 4 relative error: 8.3358265604241044e-07
Iteration stops at niter: 2 relative error: 9.4096371447604231e-07
cycle=30 time=1.1852553449510314e-02 dt=3.9508511498367741e-04
Iteration stops at niter: 2 relative error: 9.9811032899807905e-07
Iteration stops at niter: 2 relative error: 9.0724281598969273e-07
cycle=31 time=1.2247638564493991e-02 dt=3.9508511498367741e-04
Iteration stops at niter: 2 relative error: 8.3400620511777298e-07
Iteration stops at niter: 1 relative error: 8.6681653470866922e-07
cycle=32 time=1.2642723679477668e-02 dt=3.9508511498367741e-04
Iteration stops at niter: 1 relative error: 8.9291883065107068e-07
Iteration stops at niter: 1 relative error: 8.4527141084816874e-07
cycle=33 time=1.3037808794461345e-02 dt=3.9508511498367741e-04
Iteration stops at niter: 1 relative error: 8.0630471463937410e-07
Iteration stops at niter: 1 relative error: 7.6278022764020951e-07
cycle=34 time=1.3432893909445022e-02 dt=3.9508511498367741e-04
Iteration stops at niter: 1 relative error: 7.2721882362391535e-07
Iteration stops at niter: 1 relative error: 6.8751304515700346e-07
cycle=35 time=1.3827979024428699e-02 dt=3.9508511498367741e-04
Iteration stops at niter: 1 relative error: 6.5510208841726446e-07
Iteration stops at niter: 1 relative error: 6.1892782982273788e-07
cycle=36 time=1.4223064139412376e-02 dt=3.9508511498367741e-04
Iteration stops at niter: 1 relative error: 5.8942714520180287e-07
Iteration stops at niter: 1 relative error: 5.5651384294752040e-07
cycle=37 time=1.4618149254396053e-02 dt=3.9508511498367741e-04
Iteration stops at niter: 1 relative error: 5.2969746005327581e-07
Iteration stops at niter: 1 relative error: 4.9979065213338105e-07
cycle=38 time=1.5013234369379730e-02 dt=3.9508511498367741e-04
Iteration stops at niter: 1 relative error: 4.7544641550846907e-07
Iteration stops at niter: 1 relative error: 4.4830735277849093e-07
cycle=39 time=1.5408319484363407e-02 dt=3.9508511498367741e-04
Iteration stops at niter: 1 relative error: 4.2623647669586145e-07
Iteration stops at niter: 1 relative error: 4.0164152694444488e-07
cycle=40 time=1.5803404599347086e-02 dt=3.9508511498367741e-04
Iteration stops at niter: 1 relative error: 3.8165804993456571e-07
Iteration stops at niter: 1 relative error: 3.5939811989123320e-07
cycle=41 time=1.6198489714330765e-02 dt=3.9508511498367741e-04
Iteration stops at niter: 1 relative error: 3.4132843784528228e-07
Iteration stops at niter: 1 relative error: 3.2120840301590128e-07
cycle=42 time=1.6593574829314443e-02 dt=3.9508511498367741e-04
Iteration stops at niter: 1 relative error: 3.0489070327998466e-07
Iteration stops at niter: 1 relative error: 2.8672880035150604e-07
cycle=43 time=1.6988659944298122e-02 dt=3.9508511498367741e-04
Iteration stops at niter: 1 relative error: 2.7201259407992804e-07
Iteration stops at niter: 1 relative error: 2.5563986185266816e-07
cycle=44 time=1.7383745059281801e-02 dt=3.9508511498367741e-04
Iteration stops at niter: 1 relative error: 2.4238542460576690e-07
Iteration stops at niter: 1 relative error: 2.2764504252475263e-07
cycle=45 time=1.7778830174265479e-02 dt=3.9508511498367741e-04
Iteration stops at niter: 1 relative error: 2.1572284672135044e-07
Iteration stops at niter: 1 relative error: 2.0246951951915588e-07
cycle=46 time=1.8173915289249158e-02 dt=3.9508511498367741e-04
Iteration stops at niter: 1 relative error: 1.9175973085738299e-07
Iteration stops at niter: 1 relative error: 1.7985911092394076e-07
cycle=47 time=1.8569000404232837e-02 dt=3.9508511498367741e-04
Iteration stops at niter: 1 relative error: 1.7025106830075847e-07
Iteration stops at niter: 1 relative error: 1.5957915106890665e-07
cycle=48 time=1.8964085519216516e-02 dt=3.9508511498367741e-04
Iteration stops at niter: 1 relative error: 1.5097083449770792e-07
Iteration stops at niter: 1 relative error: 1.4141334352572497e-07
cycle=49 time=1.9359170634200194e-02 dt=3.9508511498367741e-04
Iteration stops at niter: 1 relative error: 1.3371084678454137e-07
Iteration stops at niter: 1 relative error: 1.2516264887690294e-07
cycle=50 time=1.9754255749183873e-02 dt=3.9508511498367741e-04
Iteration stops at niter: 1 relative error: 1.1827969014332430e-07
Iteration stops at niter: 1 relative error: 1.1064423984077034e-07
cycle=51 time=2.0149340864167552e-02 dt=3.9508511498367741e-04
Iteration stops at niter: 1 relative error: 1.0450168288066592e-07
Iteration stops at niter: 1 relative error: 9.7690472197954817e-08
cycle=52 time=2.0544425979151230e-02 dt=3.9508511498367741e-04
Iteration stops at niter: 1 relative error: 9.2215852964940439e-08
Iteration stops at niter: 1 relative error: 8.6147875316928754e-08
cycle=53 time=2.0939511094134909e-02 dt=3.9508511498367741e-04
Iteration stops at niter: 1 relative error: 8.1274949389666236e-08
Iteration stops at niter: 1 relative error: 7.5876187771673975e-08
cycle=54 time=2.1334596209118588e-02 dt=3.9508511498367741e-04
Iteration stops at niter: 1 relative error: 7.1544497678544712e-08
Iteration stops at niter: 1 relative error: 6.6747435807003757e-08
cycle=55 time=2.1729681324102267e-02 dt=3.9508511498367741e-04
Iteration stops at niter: 1 relative error: 6.2901899503083010e-08
Iteration stops at niter: 1 relative error: 5.8645055487153034e-08
cycle=56 time=2.2124766439085945e-02 dt=3.9508511498367741e-04
Iteration stops at niter: 1 relative error: 5.5235571655781369e-08
Iteration stops at niter: 1 relative error: 5.1463051391252375e-08
cycle=57 time=2.2519851554069624e-02 dt=3.9508511498367741e-04
Iteration stops at niter: 1 relative error: 4.8444124347225368e-08
Iteration stops at niter: 1 relative error: 4.5105196807896937e-08
cycle=58 time=2.2914936669053303e-02 dt=3.9508511498367741e-04
Iteration stops at niter: 1 relative error: 4.2435579380610303e-08
Iteration stops at niter: 1 relative error: 3.9484274015712024e-08
cycle=59 time=2.3310021784036981e-02 dt=3.9508511498367741e-04
Iteration stops at niter: 1 relative error: 3.7126631207482948e-08
Iteration stops at niter: 1 relative error: 3.4521358074349783e-08
cycle=60 time=2.3705106899020660e-02 dt=3.9508511498367741e-04
Iteration stops at niter: 1 relative error: 3.2441949646906267e-08
Iteration stops at niter: 1 relative error: 3.0145142462183563e-08
cycle=61 time=2.4100192014004339e-02 dt=3.9508511498367741e-04
Iteration stops at niter: 1 relative error: 2.8313525943908968e-08
Iteration stops at niter: 1 relative error: 2.6291306842872247e-08
cycle=62 time=2.4495277128988018e-02 dt=3.9508511498367741e-04
Iteration stops at niter: 1 relative error: 2.4680058406716781e-08
Iteration stops at niter: 1 relative error: 2.2901924401548722e-08
cycle=63 time=2.4890362243971696e-02 dt=3.9508511498367741e-04
Iteration stops at niter: 1 relative error: 2.1486378922410422e-08
Iteration stops at niter: 1 relative error: 1.9924909113819502e-08
cycle=64 time=2.5285447358955375e-02 dt=3.9508511498367741e-04
Iteration stops at niter: 1 relative error: 1.8682917233283745e-08
Iteration stops at niter: 1 relative error: 1.7313500281301562e-08
cycle=65 time=2.5680532473939054e-02 dt=3.9508511498367741e-04
Iteration stops at niter: 1 relative error: 1.6225203624440001e-08
Iteration stops at niter: 1 relative error: 1.5025784776054633e-08
cycle=66 time=2.6075617588922732e-02 dt=3.9508511498367741e-04
Iteration stops at niter: 1 relative error: 1.4073406214981826e-08
Iteration stops at niter: 1 relative error: 1.3024252226949611e-08
cycle=67 time=2.6470702703906411e-02 dt=3.9508511498367741e-04
Iteration stops at niter: 1 relative error: 1.2191902724779972e-08
Iteration stops at niter: 1 relative error: 1.1275384746534852e-08
cycle=68 time=2.6865787818890090e-02 dt=3.9508511498367741e-04
Iteration stops at niter: 1 relative error: 1.0548884279321243e-08
Iteration stops at niter: 1 relative error: 9.7492782006304369e-09
cycle=69 time=2.7260872933873768e-02 dt=3.9508511498367741e-04
Iteration stops at niter: 1 relative error: 9.1159921356903250e-09
Iteration stops at niter: 1 relative error: 8.4192938002175106e-09
cycle=70 time=2.7655958048857447e-02 dt=3.9508511498367741e-04
Iteration stops at niter: 1 relative error: 7.8679807532380839e-09
Iteration stops at niter: 1 relative error: 7.2617372186379894e-09
cycle=71 time=2.8051043163841126e-02 dt=3.9508511498367741e-04
Iteration stops at niter: 1 relative error: 6.7824115078262027e-09
Iteration stops at niter: 1 relative error: 6.2555660168827229e-09
cycle=72 time=2.8446128278824805e-02 dt=3.9508511498367741e-04
Iteration stops at niter: 1 relative error: 5.8393701885076984e-09
Iteration stops at niter: 1 relative error: 5.3821206872190250e-09
cycle=73 time=2.8841213393808483e-02 dt=3.9508511498367741e-04
Iteration stops at niter: 1 relative error: 5.0212106937477141e-09
Iteration stops at niter: 1 relative error: 4.6248804331405760e-09
cycle=74 time=2.9236298508792162e-02 dt=3.9508511498367741e-04
Iteration stops at niter: 1 relative error: 4.3123194409393193e-09
Iteration stops at niter: 1 relative error: 3.9692395971839630e-09
cycle=75 time=2.9631383623775841e-02 dt=3.9508511498367741e-04
Iteration stops at niter: 1 relative error: 3.6989030022055818e-09
Iteration stops at niter: 1 relative error: 3.4023057532929058e-09
cycle=76 time=3.0026468738759519e-02 dt=3.9508511498367741e-04
Iteration stops at niter: 1 relative error: 3.1687935270895778e-09
Iteration stops at niter: 1 relative error: 2.9127149598867781e-09
cycle=77 time=3.0421553853743198e-02 dt=3.9508511498367741e-04
Iteration stops at niter: 1 relative error: 2.7112736791699037e-09
Iteration stops at niter: 1 relative error: 2.4904666994857800e-09
cycle=78 time=3.0816638968726877e-02 dt=3.9508511498367741e-04
Iteration stops at niter: 1 relative error: 2.3169178636811269e-09
Iteration stops at niter: 1 relative error: 2.1267723962562621e-09
cycle=79 time=3.1211724083710556e-02 dt=3.9508511498367741e-04
Iteration stops at niter: 1 relative error: 1.9774487411342472e-09
Iteration stops at niter: 1 relative error: 1.8139204313200518e-09
cycle=80 time=3.1606809198694234e-02 dt=3.9508511498367741e-04
Iteration stops at niter: 1 relative error: 1.6856077201433154e-09
Iteration stops at niter: 1 relative error: 1.5451539525012209e-09
cycle=81 time=3.2001894313677913e-02 dt=3.9508511498367741e-04
Iteration stops at niter: 1 relative error: 1.4350395542579144e-09
Iteration stops at niter: 1 relative error: 1.3145617987017274e-09
cycle=82 time=3.2396979428661592e-02 dt=3.9508511498367741e-04
Iteration stops at niter: 1 relative error: 1.2201877994985662e-09
Iteration stops at niter: 1 relative error: 1.1169798041417098e-09
cycle=83 time=3.2792064543645270e-02 dt=3.9508511498367741e-04
Iteration stops at niter: 1 relative error: 1.0362016589627076e-09
Iteration stops at niter: 1 relative error: 9.4790331318794133e-10
cycle=84 time=3.3187149658628949e-02 dt=3.9508511498367741e-04
Iteration stops at niter: 1 relative error: 8.7885252891863849e-10
Iteration stops at niter: 1 relative error: 8.0340851707382743e-10
cycle=85 time=3.3582234773612628e-02 dt=3.9508511498367741e-04
Iteration stops at niter: 1 relative error: 7.4445965584077972e-10
Iteration stops at niter: 1 relative error: 6.8008299531751545e-10
cycle=86 time=3.3977319888596307e-02 dt=3.9508511498367741e-04
Iteration stops at niter: 1 relative error: 6.2982386064801302e-10
Iteration stops at niter: 1 relative error: 5.7496281108846696e-10
cycle=87 time=3.4372405003579985e-02 dt=3.9508511498367741e-04
Iteration stops at niter: 1 relative error: 5.3216853082159228e-10
Iteration stops at niter: 1 relative error: 4.8547772934200469e-10
cycle=88 time=3.4767490118563664e-02 dt=3.9508511498367741e-04
Iteration stops at niter: 1 relative error: 4.4908714468785760e-10
Iteration stops at niter: 1 relative error: 4.0940180227087973e-10
cycle=89 time=3.5162575233547343e-02 dt=3.9508511498367741e-04
Iteration stops at niter: 1 relative error: 3.7849719385239263e-10
Iteration stops at niter: 1 relative error: 3.4481047237692318e-10
cycle=90 time=3.5557660348531021e-02 dt=3.9508511498367741e-04
Iteration stops at niter: 1 relative error: 3.1859917107115215e-10
Iteration stops at niter: 1 relative error: 2.9004176061017040e-10
cycle=91 time=3.5952745463514700e-02 dt=3.9508511498367741e-04
Iteration stops at niter: 1 relative error: 2.6784020444060134e-10
Iteration stops at niter: 1 relative error: 2.4366295563023108e-10
cycle=92 time=3.6347830578498379e-02 dt=3.9508511498367741e-04
Iteration stops at niter: 1 relative error: 2.2488237088239341e-10
Iteration stops at niter: 1 relative error: 2.0444022893396562e-10
cycle=93 time=3.6742915693482057e-02 dt=3.9508511498367741e-04
Iteration stops at niter: 1 relative error: 1.8857438729011673e-10
Iteration stops at niter: 1 relative error: 1.7131310655700758e-10
cycle=94 time=3.7138000808465736e-02 dt=3.9508511498367741e-04
Iteration stops at niter: 1 relative error: 1.5792718854657716e-10
Iteration stops at niter: 1 relative error: 1.4337093693315420e-10
cycle=95 time=3.7533085923449415e-02 dt=3.9508511498367741e-04
Iteration stops at niter: 1 relative error: 1.3209225608348418e-10
Iteration stops at niter: 1 relative error: 1.1983335130832642e-10
cycle=96 time=3.7928171038433094e-02 dt=3.9508511498367741e-04
Iteration stops at niter: 1 relative error: 1.1034264261480155e-10
Iteration stops at niter: 1 relative error: 1.0003205973717892e-10
cycle=97 time=3.8323256153416772e-02 dt=3.9508511498367741e-04
Iteration stops at niter: 1 relative error: 9.2056433067955581e-11
Iteration stops at niter: 1 relative error: 8.3396002130270539e-11
cycle=98 time=3.8718341268400451e-02 dt=3.9508511498367741e-04
Iteration stops at niter: 1 relative error: 7.6702378943177371e-11
Iteration stops at niter: 1 relative error: 6.9437641255362284e-11
cycle=99 time=3.9113426383384130e-02 dt=3.9508511498367741e-04
Iteration stops at niter: 1 relative error: 6.3827516772087749e-11
Iteration stops at niter: 1 relative error: 5.7741593290532981e-11
cycle=100 time=3.9508511498367808e-02 dt=3.9508511498367741e-04
Iteration stops at niter: 1 relative error: 5.3045721669188565e-11
Iteration stops at niter: 1 relative error: 4.7954076571803003e-11
cycle=101 time=3.9903596613351487e-02 dt=3.9508511498367741e-04
Iteration stops at niter: 1 relative error: 4.4028735872016117e-11
Iteration stops at niter: 1 relative error: 3.9774630379281885e-11
cycle=102 time=4.0298681728335166e-02 dt=3.9508511498367741e-04
Iteration stops at niter: 1 relative error: 3.6497652784453818e-11
Iteration stops at niter: 1 relative error: 3.2948031367760074e-11
cycle=103 time=4.0693766843318845e-02 dt=3.9508511498367741e-04
Iteration stops at niter: 1 relative error: 3.0216055482396008e-11
Iteration stops at niter: 1 relative error: 2.7258165322234106e-11
cycle=104 time=4.1088851958302523e-02 dt=3.9508511498367741e-04
Iteration stops at niter: 1 relative error: 2.4983516949339222e-11
Iteration stops at niter: 1 relative error: 2.2522041392283923e-11
cycle=105 time=4.1483937073286202e-02 dt=3.9508511498367741e-04
Iteration stops at niter: 1 relative error: 2.0630712340031265e-11
Iteration stops at niter: 1 relative error: 1.8585073727478320e-11
cycle=106 time=4.1879022188269881e-02 dt=3.9508511498367741e-04
Iteration stops at niter: 1 relative error: 1.7014555705339526e-11
Iteration stops at niter: 1 relative error: 1.5316762620104412e-11
cycle=107 time=4.2274107303253559e-02 dt=3.9508511498367741e-04
Iteration stops at niter: 1 relative error: 1.4014446410698237e-11
Iteration stops at niter: 1 relative error: 1.2607270257040055e-11
cycle=108 time=4.2669192418237238e-02 dt=3.9508511498367741e-04
Iteration stops at niter: 1 relative error: 1.1528748890443372e-11
Iteration stops at niter: 1 relative error: 1.0363978664084910e-11
cycle=109 time=4.3064277533220917e-02 dt=3.9508511498367741e-04
Iteration stops at niter: 1 relative error: 9.4720102917177535e-12
Iteration stops at niter: 1 relative error: 8.5092696294415971e-12
cycle=110 time=4.3459362648204596e-02 dt=3.9508511498367741e-04
Iteration stops at niter: 1 relative error: 7.7725574304454462e-12
Iteration stops at niter: 1 relative error: 6.9777764471170168e-12
cycle=111 time=4.3854447763188274e-02 dt=3.9508511498367741e-04
Iteration stops at niter: 1 relative error: 6.3701386662555690e-12
Iteration stops at niter: 1 relative error: 5.7149817958739058e-12
cycle=112 time=4.4249532878171953e-02 dt=3.9508511498367741e-04
Iteration stops at niter: 1 relative error: 5.2145109467438151e-12
Iteration stops at niter: 1 relative error: 4.6751407890323200e-12
cycle=113 time=4.4644617993155632e-02 dt=3.9508511498367741e-04
Iteration stops at niter: 1 relative error: 4.2634388116382006e-12
Iteration stops at niter: 1 relative error: 3.8200350276751937e-12
cycle=114 time=4.5039703108139310e-02 dt=3.9508511498367741e-04
Iteration stops at niter: 1 relative error: 3.4818108135863666e-12
Iteration stops at niter: 1 relative error: 3.1177532053795897e-12
cycle=115 time=4.5434788223122989e-02 dt=3.9508511498367741e-04
Iteration stops at niter: 1 relative error: 2.8403454587465701e-12
Iteration stops at niter: 1 relative error: 2.5419137211768271e-12
cycle=116 time=4.5829873338106668e-02 dt=3.9508511498367741e-04
Iteration stops at niter: 1 relative error: 2.3146794482594465e-12
Iteration stops at niter: 1 relative error: 2.0703350976512015e-12
cycle=117 time=4.6224958453090347e-02 dt=3.9508511498367741e-04
Iteration stops at niter: 1 relative error: 1.8844169275695917e-12
Iteration stops at niter: 1 relative error: 1.6846269508195336e-12
cycle=118 time=4.6620043568074025e-02 dt=3.9508511498367741e-04
Iteration stops at niter: 1 relative error: 1.5326952791579116e-12
Iteration stops at niter: 1 relative error: 1.3695738786734362e-12
cycle=119 time=4.7015128683057704e-02 dt=3.9508511498367741e-04
Iteration stops at niter: 1 relative error: 1.2456483799951692e-12
Iteration stops at niter: 1 relative error: 1.1126751531729775e-12
cycle=120 time=4.7410213798041383e-02 dt=3.9508511498367741e-04
Iteration stops at niter: 1 relative error: 1.0116703974259736e-12
Iteration stops at niter: 1 relative error: 9.0337027738438060e-13
cycle=121 time=4.7805298913025061e-02 dt=3.9508511498367741e-04
Iteration stops at niter: 1 relative error: 8.2122271681137406e-13
Iteration stops at niter: 1 relative error: 7.3315618708300868e-13
cycle=122 time=4.8200384028008740e-02 dt=3.9508511498367741e-04
Iteration stops at niter: 1 relative error: 6.6636469499250412e-13
Iteration stops at niter: 1 relative error: 5.9488024726616851e-13
cycle=123 time=4.8595469142992419e-02 dt=3.9508511498367741e-04
Iteration stops at niter: 1 relative error: 5.4073605277239358e-13
Iteration stops at niter: 1 relative error: 4.8277626955983401e-13
cycle=124 time=4.8990554257976097e-02 dt=3.9508511498367741e-04
Iteration stops at niter: 1 relative error: 4.3888927964563600e-13
Iteration stops at niter: 1 relative error: 3.9194630385518263e-13
cycle=125 time=4.9385639372959776e-02 dt=3.9508511498367741e-04
Iteration stops at niter: 1 relative error: 3.5644874302760091e-13
Iteration stops at niter: 1 relative error: 3.1857339671135326e-13
cycle=126 time=4.9780724487943455e-02 dt=3.9508511498367741e-04
Iteration stops at niter: 1 relative error: 2.8985635154406176e-13
Iteration stops at niter: 1 relative error: 2.5926004473953301e-13
cycle=127 time=5.0175809602927134e-02 dt=3.9508511498367741e-04
Iteration stops at niter: 1 relative error: 2.3608050531699139e-13
Iteration stops at niter: 1 relative error: 2.1139159075683807e-13
cycle=128 time=5.0570894717910812e-02 dt=3.9508511498367741e-04
Iteration stops at niter: 1 relative error: 1.9270883899072767e-13
Iteration stops at niter: 1 relative error: 1.7284947438893955e-13
cycle=129 time=5.0965979832894491e-02 dt=3.9508511498367741e-04
Iteration stops at niter: 1 relative error: 1.5782569796999287e-13
Iteration stops at niter: 1 relative error: 1.4188500866982394e-13
cycle=130 time=5.1361064947878170e-02 dt=3.9508511498367741e-04
Iteration stops at niter: 1 relative error: 1.2977106150825381e-13
Iteration stops at niter: 1 relative error: 1.1696530939231475e-13
cycle=131 time=5.1756150062861848e-02 dt=3.9508511498367741e-04
Iteration stops at niter: 1 relative error: 1.0729104387225386e-13
Iteration stops at niter: 1 relative error: 9.7021074111495463e-14
cycle=132 time=5.2151235177845527e-02 dt=3.9508511498367741e-04
Iteration stops at niter: 1 relative error: 8.9238363321166105e-14
Iteration stops at niter: 1 relative error: 8.1037165120557523e-14
cycle=133 time=5.2546320292829206e-02 dt=3.9508511498367741e-04
Iteration stops at niter: 1 relative error: 7.4838500410772954e-14
Iteration stops at niter: 1 relative error: 6.8324469104484592e-14
cycle=134 time=5.2941405407812885e-02 dt=3.9508511498367741e-04
Iteration stops at niter: 1 relative error: 6.3293956649107502e-14
Iteration stops at niter: 1 relative error: 5.8088961768717499e-14
cycle=135 time=5.3336490522796563e-02 dt=3.9508511498367741e-04
Iteration stops at niter: 1 relative error: 5.4092504148696718e-14
Iteration stops at niter: 1 relative error: 4.9967795547945694e-14
cycle=136 time=5.3731575637780242e-02 dt=3.9508511498367741e-04
Iteration stops at niter: 1 relative error: 4.6795302642823422e-14
Iteration stops at niter: 1 relative error: 4.3511668684191444e-14
cycle=137 time=5.4126660752763921e-02 dt=3.9508511498367741e-04
Iteration stops at niter: 1 relative error: 4.0955134471973355e-14
Iteration stops at niter: 1 relative error: 3.8378292201518135e-14
cycle=138 time=5.4521745867747599e-02 dt=3.9508511498367741e-04
Iteration stops at niter: 1 relative error: 3.6297164758891972e-14
Iteration stops at niter: 1 relative error: 3.4271328486855721e-14
cycle=139 time=5.4916830982731278e-02 dt=3.9508511498367741e-04
Iteration stops at niter: 1 relative error: 3.2712142602133761e-14
Iteration stops at niter: 1 relative error: 3.1094443242192476e-14
cycle=140 time=5.5311916097714957e-02 dt=3.9508511498367741e-04
Iteration stops at niter: 1 relative error: 2.9806801266755016e-14
Iteration stops at niter: 1 relative error: 2.8551756423799386e-14
cycle=141 time=5.5707001212698636e-02 dt=3.9508511498367741e-04
Iteration stops at niter: 1 relative error: 2.7565580702318115e-14
Iteration stops at niter: 1 relative error: 2.6599796071873133e-14
cycle=142 time=5.6102086327682314e-02 dt=3.9508511498367741e-04
Iteration stops at niter: 1 relative error: 2.5748928562338712e-14
Iteration stops at niter: 1 relative error: 2.4995845992458775e-14
cycle=143 time=5.6497171442665993e-02 dt=3.9508511498367741e-04
Iteration stops at niter: 1 relative error: 2.4308184714813670e-14
Iteration stops at niter: 1 relative error: 2.3718953548510728e-14
cycle=144 time=5.6892256557649672e-02 dt=3.9508511498367741e-04
Iteration stops at niter: 1 relative error: 2.3194506226187396e-14
Iteration stops at niter: 1 relative error: 2.2741252257558035e-14
cycle=145 time=5.7287341672633350e-02 dt=3.9508511498367741e-04
Iteration stops at niter: 1 relative error: 2.2314627295911878e-14
Iteration stops at niter: 1 relative error: 2.1964184301012887e-14
cycle=146 time=5.7682426787617029e-02 dt=3.9508511498367741e-04
Iteration stops at niter: 1 relative error: 2.1562429708564896e-14
Iteration stops at niter: 1 relative error: 2.1307380634191240e-14
cycle=147 time=5.8077511902600708e-02 dt=3.9508511498367741e-04
Iteration stops at niter: 1 relative error: 2.1009767388079628e-14
Iteration stops at niter: 1 relative error: 2.0809171572400987e-14
cycle=148 time=5.8472597017584386e-02 dt=3.9508511498367741e-04
Iteration stops at niter: 1 relative error: 2.0604391578520163e-14
Iteration stops at niter: 1 relative error: 2.0416249061409820e-14
cycle=149 time=5.8867682132568065e-02 dt=3.9508511498367741e-04
Iteration stops at niter: 1 relative error: 2.0256294266839811e-14
Iteration stops at niter: 1 relative error: 2.0190519028662770e-14
cycle=150 time=5.9262767247551744e-02 dt=3.9508511498367741e-04
Iteration stops at niter: 1 relative error: 2.0037042386277706e-14
Iteration stops at niter: 1 relative error: 2.0010955673865858e-14
cycle=151 time=5.9657852362535423e-02 dt=3.9508511498367741e-04
Iteration stops at niter: 1 relative error: 1.9877191053148649e-14
Iteration stops at niter: 1 relative error: 1.9836726027603505e-14
cycle=152 time=6.0052937477519101e-02 dt=3.9508511498367741e-04
Iteration stops at niter: 1 relative error: 1.9746804680443146e-14
Iteration stops at niter: 1 relative error: 1.9736107787097552e-14
cycle=153 time=6.0448022592502780e-02 dt=3.9508511498367741e-04
Iteration stops at niter: 1 relative error: 1.9637420153801654e-14
Iteration stops at niter: 1 relative error: 1.9643493892551702e-14
cycle=154 time=6.0843107707486459e-02 dt=3.9508511498367741e-04
Iteration stops at niter: 1 relative error: 1.9484038270768205e-14
Iteration stops at niter: 1 relative error: 1.9494233322874116e-14
cycle=155 time=6.1238192822470137e-02 dt=3.9508511498367741e-04
Iteration stops at niter: 1 relative error: 1.9427665644051441e-14
Iteration stops at niter: 1 relative error: 1.9424766066695685e-14
cycle=156 time=6.1633277937453816e-02 dt=3.9508511498367741e-04
Iteration stops at niter: 1 relative error: 1.9355726707271368e-14
Iteration stops at niter: 1 relative error: 1.9363679488575002e-14
cycle=157 time=6.2028363052437495e-02 dt=3.9508511498367741e-04
Iteration stops at niter: 1 relative error: 1.9333041133509104e-14
Iteration stops at niter: 1 relative error: 1.9387646568309792e-14
cycle=158 time=6.2423448167421174e-02 dt=3.9508511498367741e-04
Iteration stops at niter: 1 relative error: 1.9311326443076119e-14
Iteration stops at niter: 1 relative error: 1.9377482552166309e-14
cycle=159 time=6.2818533282404845e-02 dt=3.9508511498367741e-04
Iteration stops at niter: 1 relative error: 1.9296009281597253e-14
Iteration stops at niter: 1 relative error: 1.9298269201884491e-14
cycle=160 time=6.3213618397388524e-02 dt=3.9508511498367741e-04
Iteration stops at niter: 1 relative error: 1.9248215488806019e-14
Iteration stops at niter: 1 relative error: 1.9293893301316693e-14
cycle=161 time=6.3608703512372203e-02 dt=3.9508511498367741e-04
Iteration stops at niter: 1 relative error: 1.9223709644706455e-14
Iteration stops at niter: 1 relative error: 1.9296016427086774e-14
cycle=162 time=6.4003788627355881e-02 dt=3.9508511498367741e-04
Iteration stops at niter: 1 relative error: 1.9168056047583445e-14
Iteration stops at niter: 1 relative error: 1.9205607811974877e-14
cycle=163 time=6.4398873742339560e-02 dt=3.9508511498367741e-04
Iteration stops at niter: 1 relative error: 1.9174114534371445e-14
Iteration stops at niter: 1 relative error: 1.9205114052924344e-14
cycle=164 time=6.4793958857323239e-02 dt=3.9508511498367741e-04
Iteration stops at niter: 1 relative error: 1.9159687811003966e-14
Iteration stops at niter: 1 relative error: 1.9180015215832811e-14
cycle=165 time=6.5189043972306918e-02 dt=3.9508511498367741e-04
Iteration stops at niter: 1 relative error: 1.9163621176703308e-14
Iteration stops at niter: 1 relative error: 1.9226179457925921e-14
cycle=166 time=6.5584129087290596e-02 dt=3.9508511498367741e-04
Iteration stops at niter: 1 relative error: 1.9130984067867997e-14
Iteration stops at niter: 1 relative error: 1.9200733464071706e-14
cycle=167 time=6.5979214202274275e-02 dt=3.9508511498367741e-04
Iteration stops at niter: 1 relative error: 1.9122807088649413e-14
Iteration stops at niter: 1 relative error: 1.9177687542611849e-14
cycle=168 time=6.6374299317257954e-02 dt=3.9508511498367741e-04
Iteration stops at niter: 1 relative error: 1.9145122705360540e-14
Iteration stops at niter: 1 relative error: 1.9214657041682342e-14
cycle=169 time=6.6769384432241632e-02 dt=3.9508511498367741e-04
Iteration stops at niter: 1 relative error: 1.9166780006240042e-14
Iteration stops at niter: 1 relative error: 1.9228314485831722e-14
cycle=170 time=6.7164469547225311e-02 dt=3.9508511498367741e-04
Iteration stops at niter: 1 relative error: 1.9124105241487224e-14
Iteration stops at niter: 1 relative error: 1.9187378408219754e-14
cycle=171 time=6.7559554662208990e-02 dt=3.9508511498367741e-04
Iteration stops at niter: 1 relative error: 1.9188064122817173e-14
Iteration stops at niter: 1 relative error: 1.9227047090564629e-14
cycle=172 time=6.7954639777192669e-02 dt=3.9508511498367741e-04
Iteration stops at niter: 1 relative error: 1.9173869083765210e-14
Iteration stops at niter: 1 relative error: 1.9192995332203308e-14
cycle=173 time=6.8349724892176347e-02 dt=3.9508511498367741e-04
Iteration stops at niter: 1 relative error: 1.9165620537486303e-14
Iteration stops at niter: 1 relative error: 1.9250944871626169e-14
cycle=174 time=6.8744810007160026e-02 dt=3.9508511498367741e-04
Iteration stops at niter: 1 relative error: 1.9175522303206302e-14
Iteration stops at niter: 1 relative error: 1.9260316145053409e-14
cycle=175 time=6.9139895122143705e-02 dt=3.9508511498367741e-04
Iteration stops at niter: 1 relative error: 1.9192382226449605e-14
Iteration stops at niter: 1 relative error: 1.9227723829989879e-14
cycle=176 time=6.9534980237127383e-02 dt=3.9508511498367741e-04
Iteration stops at niter: 1 relative error: 1.9194677802114591e-14
Iteration stops at niter: 1 relative error: 1.9240650622577106e-14
cycle=177 time=6.9930065352111062e-02 dt=3.9508511498367741e-04
Iteration stops at niter: 1 relative error: 1.9163937215107556e-14
Iteration stops at niter: 1 relative error: 1.9243859476771449e-14
cycle=178 time=7.0325150467094741e-02 dt=3.9508511498367741e-04
Iteration stops at niter: 1 relative error: 1.9157053190179229e-14
Iteration stops at niter: 1 relative error: 1.9206418308437873e-14
cycle=179 time=7.0720235582078420e-02 dt=3.9508511498367741e-04
Iteration stops at niter: 1 relative error: 1.9164651347293577e-14
Iteration stops at niter: 1 relative error: 1.9223263560555593e-14
cycle=180 time=7.1115320697062098e-02 dt=3.9508511498367741e-04
Iteration stops at niter: 1 relative error: 1.9166687736743095e-14
Iteration stops at niter: 1 relative error: 1.9185797480240076e-14
cycle=181 time=7.1510405812045777e-02 dt=3.9508511498367741e-04
Iteration stops at niter: 1 relative error: 1.9153277306829544e-14
Iteration stops at niter: 1 relative error: 1.9210775105666151e-14
cycle=182 time=7.1905490927029456e-02 dt=3.9508511498367741e-04
Iteration stops at niter: 1 relative error: 1.9129686274039287e-14
Iteration stops at niter: 1 relative error: 1.9187360867231261e-14
cycle=183 time=7.2300576042013134e-02 dt=3.9508511498367741e-04
Iteration stops at niter: 1 relative error: 1.9106855840962973e-14
Iteration stops at niter: 1 relative error: 1.9154099411052815e-14
cycle=184 time=7.2695661156996813e-02 dt=3.9508511498367741e-04
Iteration stops at niter: 1 relative error: 1.9111669248060034e-14
Iteration stops at niter: 1 relative error: 1.9151932689131584e-14
cycle=185 time=7.3090746271980492e-02 dt=3.9508511498367741e-04
Iteration stops at niter: 1 relative error: 1.9109971897445506e-14
Iteration stops at niter: 1 relative error: 1.9160959031866394e-14
cycle=186 time=7.3485831386964170e-02 dt=3.9508511498367741e-04
Iteration stops at niter: 1 relative error: 1.9064223598450172e-14
Iteration stops at niter: 1 relative error: 1.9159286503249914e-14
cycle=187 time=7.3880916501947849e-02 dt=3.9508511498367741e-04
Iteration stops at niter: 1 relative error: 1.9126611644661777e-14
Iteration stops at niter: 1 relative error: 1.9165856907086410e-14
cycle=188 time=7.4276001616931528e-02 dt=3.9508511498367741e-04
Iteration stops at niter: 1 relative error: 1.9129346990964495e-14
Iteration stops at niter: 1 relative error: 1.9135823084927133e-14
cycle=189 time=7.4671086731915207e-02 dt=3.9508511498367741e-04
Iteration stops at niter: 1 relative error: 1.9123475360623005e-14
Iteration stops at niter: 1 relative error: 1.9196116171650275e-14
cycle=190 time=7.5066171846898885e-02 dt=3.9508511498367741e-04
Iteration stops at niter: 1 relative error: 1.9128651818343439e-14
Iteration stops at niter: 1 relative error: 1.9218262119406388e-14
cycle=191 time=7.5461256961882564e-02 dt=3.9508511498367741e-04
Iteration stops at niter: 1 relative error: 1.9152769879859329e-14
Iteration stops at niter: 1 relative error: 1.9189652136019816e-14
cycle=192 time=7.5856342076866243e-02 dt=3.9508511498367741e-04
Iteration stops at niter: 1 relative error: 1.9169776791085021e-14
Iteration stops at niter: 1 relative error: 1.9209794578030098e-14
cycle=193 time=7.6251427191849921e-02 dt=3.9508511498367741e-04
Iteration stops at niter: 1 relative error: 1.9147347359316121e-14
Iteration stops at niter: 1 relative error: 1.9223377497475901e-14
cycle=194 time=7.6646512306833600e-02 dt=3.9508511498367741e-04
Iteration stops at niter: 1 relative error: 1.9125275428302583e-14
Iteration stops at niter: 1 relative error: 1.9155748566014376e-14
cycle=195 time=7.7041597421817279e-02 dt=3.9508511498367741e-04
Iteration stops at niter: 1 relative error: 1.9111245520726124e-14
Iteration stops at niter: 1 relative error: 1.9159044650457060e-14
cycle=196 time=7.7436682536800958e-02 dt=3.9508511498367741e-04
Iteration stops at niter: 1 relative error: 1.9118763844914228e-14
Iteration stops at niter: 1 relative error: 1.9140818169302559e-14
cycle=197 time=7.7831767651784636e-02 dt=3.9508511498367741e-04
Iteration stops at niter: 1 relative error: 1.9125411504312468e-14
Iteration stops at niter: 1 relative error: 1.9187350231869077e-14
cycle=198 time=7.8226852766768315e-02 dt=3.9508511498367741e-04
Iteration stops at niter: 1 relative error: 1.9101484825432320e-14
Iteration stops at niter: 1 relative error: 1.9178504190351791e-14
cycle=199 time=7.8621937881751994e-02 dt=3.9508511498367741e-04
Iteration stops at niter: 1 relative error: 1.9124232857826344e-14
Iteration stops at niter: 1 relative error: 1.9179810662549607e-14
cycle=200 time=7.9017022996735672e-02 dt=3.9508511498367741e-04
Iteration stops at niter: 1 relative error: 1.9154529783578804e-14
Iteration stops at niter: 1 relative error: 1.9198389630779244e-14
cycle=201 time=7.9412108111719351e-02 dt=3.9508511498367741e-04
Iteration stops at niter: 1 relative error: 1.9130319974414274e-14
Iteration stops at niter: 1 relative error: 1.9191111078729158e-14
cycle=202 time=7.9807193226703030e-02 dt=3.9508511498367741e-04
Iteration stops at niter: 1 relative error: 1.9084494774047607e-14
Iteration stops at niter: 1 relative error: 1.9148506166847136e-14
cycle=203 time=8.0202278341686709e-02 dt=3.9508511498367741e-04
Iteration stops at niter: 1 relative error: 1.9123845831811561e-14
Iteration stops at niter: 1 relative error: 1.9172729127011515e-14
cycle=204 time=8.0597363456670387e-02 dt=3.9508511498367741e-04
Iteration stops at niter: 1 relative error: 1.9130249588129270e-14
Iteration stops at niter: 1 relative error: 1.9158559325646996e-14
cycle=205 time=8.0992448571654066e-02 dt=3.9508511498367741e-04
Iteration stops at niter: 1 relative error: 1.9144025172230580e-14
Iteration stops at niter: 1 relative error: 1.9211428543442550e-14
cycle=206 time=8.1387533686637745e-02 dt=3.9508511498367741e-04
Iteration stops at niter: 1 relative error: 1.9144257047824883e-14
Iteration stops at niter: 1 relative error: 1.9228413289939047e-14
cycle=207 time=8.1782618801621423e-02 dt=3.9508511498367741e-04
Iteration stops at niter: 1 relative error: 1.9169786878099245e-14
Iteration stops at niter: 1 relative error: 1.9205787938922150e-14
cycle=208 time=8.2177703916605102e-02 dt=3.9508511498367741e-04
Iteration stops at niter: 1 relative error: 1.9171615592444629e-14
Iteration stops at niter: 1 relative error: 1.9235460878455191e-14
cycle=209 time=8.2572789031588781e-02 dt=3.9508511498367741e-04
Iteration stops at niter: 1 relative error: 1.9163764578917141e-14
Iteration stops at niter: 1 relative error: 1.9255326210091683e-14
cycle=210 time=8.2967874146572460e-02 dt=3.9508511498367741e-04
Iteration stops at niter: 1 relative error: 1.9162588370000814e-14
Iteration stops at niter: 1 relative error: 1.9212503024484297e-14
cycle=211 time=8.3362959261556138e-02 dt=3.9508511498367741e-04
Iteration stops at niter: 1 relative error: 1.9165418449139711e-14
Iteration stops at niter: 1 relative error: 1.9201443148979782e-14
cycle=212 time=8.3758044376539817e-02 dt=3.9508511498367741e-04
Iteration stops at niter: 1 relative error: 1.9154497640613905e-14
Iteration stops at niter: 1 relative error: 1.9168466682684380e-14
cycle=213 time=8.4153129491523496e-02 dt=3.9508511498367741e-04
Iteration stops at niter: 1 relative error: 1.9141489355107688e-14
Iteration stops at niter: 1 relative error: 1.9190627263914197e-14
cycle=214 time=8.4548214606507174e-02 dt=3.9508511498367741e-04
Iteration stops at niter: 1 relative error: 1.9108232164975686e-14
Iteration stops at niter: 1 relative error: 1.9188056156405881e-14
cycle=215 time=8.4943299721490853e-02 dt=3.9508511498367741e-04
Iteration stops at niter: 1 relative error: 1.9121825103795814e-14
Iteration stops at niter: 1 relative error: 1.9158272128306638e-14
cycle=216 time=8.5338384836474532e-02 dt=3.9508511498367741e-04
Iteration stops at niter: 1 relative error: 1.9122161667885034e-14
Iteration stops at niter: 1 relative error: 1.9175568960405834e-14
cycle=217 time=8.5733469951458210e-02 dt=3.9508511498367741e-04
Iteration stops at niter: 1 relative error: 1.9127367382837530e-14
Iteration stops at niter: 1 relative error: 1.9165739648829148e-14
cycle=218 time=8.6128555066441889e-02 dt=3.9508511498367741e-04
Iteration stops at niter: 1 relative error: 1.9056448650930610e-14
Iteration stops at niter: 1 relative error: 1.9114167919044990e-14
cycle=219 time=8.6523640181425568e-02 dt=3.9508511498367741e-04
Iteration stops at niter: 1 relative error: 1.9093107071392943e-14
Iteration stops at niter: 1 relative error: 1.9147971681400551e-14
cycle=220 time=8.6918725296409247e-02 dt=3.9508511498367741e-04
Iteration stops at niter: 1 relative error: 1.9113898859719041e-14
Iteration stops at niter: 1 relative error: 1.9146209086527079e-14
cycle=221 time=8.7313810411392925e-02 dt=3.9508511498367741e-04
Iteration stops at niter: 1 relative error: 1.9124463937204276e-14
Iteration stops at niter: 1 relative error: 1.9209711592256856e-14
cycle=222 time=8.7708895526376604e-02 dt=3.9508511498367741e-04
Iteration stops at niter: 1 relative error: 1.9150405491227742e-14
Iteration stops at niter: 1 relative error: 1.9241458008128430e-14
cycle=223 time=8.8103980641360283e-02 dt=3.9508511498367741e-04
Iteration stops at niter: 1 relative error: 1.9183665832523463e-14
Iteration stops at niter: 1 relative error: 1.9209991983096067e-14
cycle=224 time=8.8499065756343961e-02 dt=3.9508511498367741e-04
Iteration stops at niter: 1 relative error: 1.9183357786196706e-14
Iteration stops at niter: 1 relative error: 1.9261446757568008e-14
cycle=225 time=8.8894150871327640e-02 dt=3.9508511498367741e-04
Iteration stops at niter: 1 relative error: 1.9194304752682882e-14
Iteration stops at niter: 1 relative error: 1.9277517153104775e-14
cycle=226 time=8.9289235986311319e-02 dt=3.9508511498367741e-04
Iteration stops at niter: 1 relative error: 1.9174714869736211e-14
Iteration stops at niter: 1 relative error: 1.9221716286074916e-14
cycle=227 time=8.9684321101294998e-02 dt=3.9508511498367741e-04
Iteration stops at niter: 1 relative error: 1.9176790370329711e-14
Iteration stops at niter: 1 relative error: 1.9223794895968063e-14
cycle=228 time=9.0079406216278676e-02 dt=3.9508511498367741e-04
Iteration stops at niter: 1 relative error: 1.9181934114067219e-14
Iteration stops at niter: 1 relative error: 1.9197561805457258e-14
cycle=229 time=9.0474491331262355e-02 dt=3.9508511498367741e-04
Iteration stops at niter: 1 relative error: 1.9166392370170466e-14
Iteration stops at niter: 1 relative error: 1.9203506954247509e-14
cycle=230 time=9.0869576446246034e-02 dt=3.9508511498367741e-04
Iteration stops at niter: 1 relative error: 1.9115847373310596e-14
Iteration stops at niter: 1 relative error: 1.9186733859464060e-14
cycle=231 time=9.1264661561229712e-02 dt=3.9508511498367741e-04
Iteration stops at niter: 1 relative error: 1.9126140373017975e-14
Iteration stops at niter: 1 relative error: 1.9158383399840506e-14
cycle=232 time=9.1659746676213391e-02 dt=3.9508511498367741e-04
Iteration stops at niter: 1 relative error: 1.9119555579310961e-14
Iteration stops at niter: 1 relative error: 1.9164270808500060e-14
cycle=233 time=9.2054831791197070e-02 dt=3.9508511498367741e-04
Iteration stops at niter: 1 relative error: 1.9110802189819621e-14
Iteration stops at niter: 1 relative error: 1.9159434502070017e-14
cycle=234 time=9.2449916906180749e-02 dt=3.9508511498367741e-04
Iteration stops at niter: 1 relative error: 1.9050764942371820e-14
Iteration stops at niter: 1 relative error: 1.9103403257422708e-14
cycle=235 time=9.2845002021164427e-02 dt=3.9508511498367741e-04
Iteration stops at niter: 1 relative error: 1.9086777074150903e-14
Iteration stops at niter: 1 relative error: 1.9140073821589757e-14
cycle=236 time=9.3240087136148106e-02 dt=3.9508511498367741e-04
Iteration stops at niter: 1 relative error: 1.9106178123187541e-14
Iteration stops at niter: 1 relative error: 1.9130427430440421e-14
cycle=237 time=9.3635172251131785e-02 dt=3.9508511498367741e-04
Iteration stops at niter: 1 relative error: 1.9111302187388748e-14
Iteration stops at niter: 1 relative error: 1.9176110217159520e-14
cycle=238 time=9.4030257366115463e-02 dt=3.9508511498367741e-04
Iteration stops at niter: 1 relative error: 1.9117319980531728e-14
Iteration stops at niter: 1 relative error: 1.9208839471742367e-14
cycle=239 time=9.4425342481099142e-02 dt=3.9508511498367741e-04
Iteration stops at niter: 1 relative error: 1.9150116960789262e-14
Iteration stops at niter: 1 relative error: 1.9186939815096952e-14
cycle=240 time=9.4820427596082821e-02 dt=3.9508511498367741e-04
Iteration stops at niter: 1 relative error: 1.9150297806926094e-14
Iteration stops at niter: 1 relative error: 1.9201813321424697e-14
cycle=241 time=9.5215512711066499e-02 dt=3.9508511498367741e-04
Iteration stops at niter: 1 relative error: 1.9129238343638603e-14
Iteration stops at niter: 1 relative error: 1.9213089951925381e-14
cycle=242 time=9.5610597826050178e-02 dt=3.9508511498367741e-04
Iteration stops at niter: 1 relative error: 1.9113677247829133e-14
Iteration stops at niter: 1 relative error: 1.9161828497600660e-14
cycle=243 time=9.6005682941033857e-02 dt=3.9508511498367741e-04
Iteration stops at niter: 1 relative error: 1.9115008036383787e-14
Iteration stops at niter: 1 relative error: 1.9145905795215273e-14
cycle=244 time=9.6400768056017536e-02 dt=3.9508511498367741e-04
Iteration stops at niter: 1 relative error: 1.9097430651861821e-14
Iteration stops at niter: 1 relative error: 1.9117672812567981e-14
cycle=245 time=9.6795853171001214e-02 dt=3.9508511498367741e-04
Iteration stops at niter: 1 relative error: 1.9102888780525554e-14
Iteration stops at niter: 1 relative error: 1.9160457050848662e-14
cycle=246 time=9.7190938285984893e-02 dt=3.9508511498367741e-04
Iteration stops at niter: 1 relative error: 1.9089659978430888e-14
Iteration stops at niter: 1 relative error: 1.9165627374068227e-14
cycle=247 time=9.7586023400968572e-02 dt=3.9508511498367741e-04
Iteration stops at niter: 1 relative error: 1.9103840149324517e-14
Iteration stops at niter: 1 relative error: 1.9145104062985315e-14
cycle=248 time=9.7981108515952250e-02 dt=3.9508511498367741e-04
Iteration stops at niter: 1 relative error: 1.9097691208997954e-14
Iteration stops at niter: 1 relative error: 1.9139054825110264e-14
cycle=249 time=9.8376193630935929e-02 dt=3.9508511498367741e-04
Iteration stops at niter: 1 relative error: 1.9079649469905805e-14
Iteration stops at niter: 1 relative error: 1.9131909101316101e-14
cycle=250 time=9.8771278745919608e-02 dt=3.9508511498367741e-04
Iteration stops at niter: 1 relative error: 1.9028759293229278e-14
Iteration stops at niter: 1 relative error: 1.9096030154699057e-14
cycle=251 time=9.9166363860903287e-02 dt=3.9508511498367741e-04
Iteration stops at niter: 1 relative error: 1.9072309680123856e-14
Iteration stops at niter: 1 relative error: 1.9128593133186426e-14
cycle=252 time=9.9561448975886965e-02 dt=3.9508511498367741e-04
Iteration stops at niter: 1 relative error: 1.9085591464606470e-14
Iteration stops at niter: 1 relative error: 1.9112829144564017e-14
cycle=253 time=9.9956534090870644e-02 dt=4.3465909129361546e-05
Iteration stops at niter: 1 relative error: 1.5822871477808885e-14
Iteration stops at niter: 1 relative error: 1.2999408295119377e-14
cycle=254 time=1.0000000000000001e-01 dt=8.6931818258723093e-05

Terminating on time limit
time=1.0000000000000001e-01 cycle=254
tlim=1.0000000000000001e-01 nlim=-1

zone-cycles = 16646144
cpu time used  = 1.6559701000000000e+01
zone-cycles/cpu_second = 1.0052200821741890e+06
